2017-03-30 19:34:41 - PHP Notice:  Undefined variable: icon in C:\wamp64\www\Serveur\catalog\view\theme\x-262\template\common\header.tpl on line 14
2017-03-30 19:34:41 - PHP Notice:  Undefined variable: google_analytics in C:\wamp64\www\Serveur\catalog\view\theme\x-262\template\common\header.tpl on line 46
2017-03-30 19:34:41 - PHP Notice:  Undefined variable: filter_name in C:\wamp64\www\Serveur\catalog\view\theme\x-262\template\common\header.tpl on line 60
2017-03-30 19:34:41 - PHP Notice:  Undefined variable: text_search in C:\wamp64\www\Serveur\catalog\view\theme\x-262\template\common\header.tpl on line 63
2017-03-30 19:34:41 - PHP Notice:  Undefined variable: text_welcome in C:\wamp64\www\Serveur\catalog\view\theme\x-262\template\common\header.tpl on line 68
2017-03-30 19:34:41 - PHP Notice:  Undefined variable: heading_title in C:\wamp64\www\Serveur\catalog\view\theme\x-262\template\common\home.tpl on line 3
2017-03-30 19:34:59 - PHP Notice:  Undefined variable: icon in C:\wamp64\www\Serveur\catalog\view\theme\bloody-black\template\common\header.tpl on line 13
2017-03-30 19:34:59 - PHP Notice:  Undefined variable: google_analytics in C:\wamp64\www\Serveur\catalog\view\theme\bloody-black\template\common\header.tpl on line 45
2017-03-30 19:34:59 - PHP Notice:  Undefined variable: filter_name in C:\wamp64\www\Serveur\catalog\view\theme\bloody-black\template\common\header.tpl on line 58
2017-03-30 19:34:59 - PHP Notice:  Undefined variable: text_search in C:\wamp64\www\Serveur\catalog\view\theme\bloody-black\template\common\header.tpl on line 61
2017-03-30 19:34:59 - PHP Notice:  Undefined variable: text_welcome in C:\wamp64\www\Serveur\catalog\view\theme\bloody-black\template\common\header.tpl on line 66
2017-04-01 11:07:47 - PHP Notice:  Undefined variable: icon in C:\wamp64\www\Serveur\catalog\view\theme\bloody-black\template\common\header.tpl on line 13
2017-04-01 11:07:47 - PHP Notice:  Undefined variable: google_analytics in C:\wamp64\www\Serveur\catalog\view\theme\bloody-black\template\common\header.tpl on line 45
2017-04-01 11:07:47 - PHP Notice:  Undefined variable: filter_name in C:\wamp64\www\Serveur\catalog\view\theme\bloody-black\template\common\header.tpl on line 58
2017-04-01 11:07:47 - PHP Notice:  Undefined variable: text_search in C:\wamp64\www\Serveur\catalog\view\theme\bloody-black\template\common\header.tpl on line 61
2017-04-01 11:07:47 - PHP Notice:  Undefined variable: text_welcome in C:\wamp64\www\Serveur\catalog\view\theme\bloody-black\template\common\header.tpl on line 66
2017-04-01 11:13:52 - PHP Notice:  Undefined variable: icon in C:\wamp64\www\Serveur\catalog\view\theme\bloody-black\template\common\header.tpl on line 13
2017-04-01 11:13:52 - PHP Notice:  Undefined variable: google_analytics in C:\wamp64\www\Serveur\catalog\view\theme\bloody-black\template\common\header.tpl on line 45
2017-04-01 11:13:52 - PHP Notice:  Undefined variable: filter_name in C:\wamp64\www\Serveur\catalog\view\theme\bloody-black\template\common\header.tpl on line 58
2017-04-01 11:13:52 - PHP Notice:  Undefined variable: text_search in C:\wamp64\www\Serveur\catalog\view\theme\bloody-black\template\common\header.tpl on line 61
2017-04-01 11:13:52 - PHP Notice:  Undefined variable: text_welcome in C:\wamp64\www\Serveur\catalog\view\theme\bloody-black\template\common\header.tpl on line 66
2017-04-01 11:14:06 - PHP Notice:  Undefined variable: icon in C:\wamp64\www\Serveur\catalog\view\theme\sportstuff\template\common\header.tpl on line 20
2017-04-01 11:14:06 - PHP Notice:  Undefined variable: google_analytics in C:\wamp64\www\Serveur\catalog\view\theme\sportstuff\template\common\header.tpl on line 41
2017-04-01 11:16:11 - PHP Notice:  Undefined variable: icon in C:\wamp64\www\Serveur\catalog\view\theme\sportstuff\template\common\header.tpl on line 20
2017-04-01 11:16:11 - PHP Notice:  Undefined variable: google_analytics in C:\wamp64\www\Serveur\catalog\view\theme\sportstuff\template\common\header.tpl on line 41
2017-04-01 11:16:17 - PHP Notice:  Undefined variable: icon in C:\wamp64\www\Serveur\catalog\view\theme\sportstuff\template\common\header.tpl on line 20
2017-04-01 11:16:17 - PHP Notice:  Undefined variable: google_analytics in C:\wamp64\www\Serveur\catalog\view\theme\sportstuff\template\common\header.tpl on line 41
2017-04-01 11:18:22 - PHP Notice:  Undefined variable: icon in C:\wamp64\www\Serveur\catalog\view\theme\sportstuff\template\common\header.tpl on line 20
2017-04-01 11:18:22 - PHP Notice:  Undefined variable: google_analytics in C:\wamp64\www\Serveur\catalog\view\theme\sportstuff\template\common\header.tpl on line 41
2017-04-01 11:19:36 - PHP Notice:  Undefined variable: icon in C:\wamp64\www\Serveur\catalog\view\theme\sportstuff\template\common\header.tpl on line 20
2017-04-01 11:19:36 - PHP Notice:  Undefined variable: google_analytics in C:\wamp64\www\Serveur\catalog\view\theme\sportstuff\template\common\header.tpl on line 41
2017-04-01 11:20:57 - PHP Notice:  Undefined variable: icon in C:\wamp64\www\Serveur\catalog\view\theme\sportstuff\template\common\header.tpl on line 20
2017-04-01 11:20:57 - PHP Notice:  Undefined variable: google_analytics in C:\wamp64\www\Serveur\catalog\view\theme\sportstuff\template\common\header.tpl on line 41
2017-04-01 16:29:05 - PHP Notice:  Undefined variable: icon in C:\wamp64\www\Serveur\catalog\view\theme\bloody-black\template\common\header.tpl on line 13
2017-04-01 16:29:05 - PHP Notice:  Undefined variable: google_analytics in C:\wamp64\www\Serveur\catalog\view\theme\bloody-black\template\common\header.tpl on line 45
2017-04-01 16:29:05 - PHP Notice:  Undefined variable: filter_name in C:\wamp64\www\Serveur\catalog\view\theme\bloody-black\template\common\header.tpl on line 58
2017-04-01 16:29:05 - PHP Notice:  Undefined variable: text_search in C:\wamp64\www\Serveur\catalog\view\theme\bloody-black\template\common\header.tpl on line 61
2017-04-01 16:29:05 - PHP Notice:  Undefined variable: text_welcome in C:\wamp64\www\Serveur\catalog\view\theme\bloody-black\template\common\header.tpl on line 66
2017-04-01 16:29:25 - PHP Notice:  Undefined variable: icon in C:\wamp64\www\Serveur\catalog\view\theme\x-262\template\common\header.tpl on line 14
2017-04-01 16:29:25 - PHP Notice:  Undefined variable: google_analytics in C:\wamp64\www\Serveur\catalog\view\theme\x-262\template\common\header.tpl on line 46
2017-04-01 16:29:25 - PHP Notice:  Undefined variable: filter_name in C:\wamp64\www\Serveur\catalog\view\theme\x-262\template\common\header.tpl on line 60
2017-04-01 16:29:25 - PHP Notice:  Undefined variable: text_search in C:\wamp64\www\Serveur\catalog\view\theme\x-262\template\common\header.tpl on line 63
2017-04-01 16:29:25 - PHP Notice:  Undefined variable: text_welcome in C:\wamp64\www\Serveur\catalog\view\theme\x-262\template\common\header.tpl on line 68
2017-04-01 16:29:25 - PHP Notice:  Undefined index: separator in C:\wamp64\www\Serveur\catalog\view\theme\x-262\template\product\category.tpl on line 5
2017-04-01 16:29:25 - PHP Notice:  Undefined index: separator in C:\wamp64\www\Serveur\catalog\view\theme\x-262\template\product\category.tpl on line 5
2017-04-01 16:29:25 - PHP Notice:  Undefined index: separator in C:\wamp64\www\Serveur\catalog\view\theme\x-262\template\product\category.tpl on line 5
2017-04-01 16:29:25 - PHP Notice:  Undefined variable: text_display in C:\wamp64\www\Serveur\catalog\view\theme\x-262\template\product\category.tpl on line 44
2017-04-01 16:29:25 - PHP Notice:  Undefined variable: text_list in C:\wamp64\www\Serveur\catalog\view\theme\x-262\template\product\category.tpl on line 44
2017-04-01 16:29:25 - PHP Notice:  Undefined variable: text_grid in C:\wamp64\www\Serveur\catalog\view\theme\x-262\template\product\category.tpl on line 44
2017-04-01 16:29:25 - PHP Notice:  Undefined variable: text_display in C:\wamp64\www\Serveur\catalog\view\theme\x-262\template\product\category.tpl on line 151
2017-04-01 16:29:25 - PHP Notice:  Undefined variable: text_list in C:\wamp64\www\Serveur\catalog\view\theme\x-262\template\product\category.tpl on line 151
2017-04-01 16:29:25 - PHP Notice:  Undefined variable: text_grid in C:\wamp64\www\Serveur\catalog\view\theme\x-262\template\product\category.tpl on line 151
2017-04-01 16:29:25 - PHP Notice:  Undefined variable: text_display in C:\wamp64\www\Serveur\catalog\view\theme\x-262\template\product\category.tpl on line 188
2017-04-01 16:29:25 - PHP Notice:  Undefined variable: text_list in C:\wamp64\www\Serveur\catalog\view\theme\x-262\template\product\category.tpl on line 188
2017-04-01 16:29:25 - PHP Notice:  Undefined variable: text_grid in C:\wamp64\www\Serveur\catalog\view\theme\x-262\template\product\category.tpl on line 188
2017-04-02 12:16:13 - PHP Notice:  Undefined variable: modules_old_opencart in C:\wamp64\www\Serveur\catalog\view\theme\grace\template\product\product.tpl on line 13
2017-04-02 12:16:14 - PHP Notice:  Undefined variable: modules_old_opencart in C:\wamp64\www\Serveur\catalog\view\theme\grace\template\product\product.tpl on line 13
